Performing C SOURCE FILE Test CMAKE_HAVE_LIBC_PTHREAD failed with the following output:
Change Dir: /home/max/StudyFile/astar_ws/src/hybrid_astar_test/cmake-build-debug/CMakeFiles/CMakeTmp

Run Build Command(s):/usr/bin/make -f Makefile cmTC_bc284/fast && /usr/bin/make  -f CMakeFiles/cmTC_bc284.dir/build.make CMakeFiles/cmTC_bc284.dir/build
make[1]: 进入目录“/home/max/StudyFile/astar_ws/src/hybrid_astar_test/cmake-build-debug/CMakeFiles/CMakeTmp”
Building C object CMakeFiles/cmTC_bc284.dir/src.c.o
/usr/bin/cc -DCMAKE_HAVE_LIBC_PTHREAD   -o CMakeFiles/cmTC_bc284.dir/src.c.o -c /home/max/StudyFile/astar_ws/src/hybrid_astar_test/cmake-build-debug/CMakeFiles/CMakeTmp/src.c
Linking C executable cmTC_bc284
/home/max/software/clion-2021.2.1/bin/cmake/linux/bin/cmake -E cmake_link_script CMakeFiles/cmTC_bc284.dir/link.txt --verbose=1
/usr/bin/cc -rdynamic CMakeFiles/cmTC_bc284.dir/src.c.o -o cmTC_bc284 
CMakeFiles/cmTC_bc284.dir/src.c.o：在函数‘main’中：
src.c:(.text+0x3e)：对‘pthread_create’未定义的引用
src.c:(.text+0x4a)：对‘pthread_detach’未定义的引用
src.c:(.text+0x56)：对‘pthread_cancel’未定义的引用
src.c:(.text+0x67)：对‘pthread_join’未定义的引用
src.c:(.text+0x7b)：对‘pthread_atfork’未定义的引用
collect2: error: ld returned 1 exit status
CMakeFiles/cmTC_bc284.dir/build.make:98: recipe for target 'cmTC_bc284' failed
make[1]: *** [cmTC_bc284] Error 1
make[1]: 离开目录“/home/max/StudyFile/astar_ws/src/hybrid_astar_test/cmake-build-debug/CMakeFiles/CMakeTmp”
Makefile:127: recipe for target 'cmTC_bc284/fast' failed
make: *** [cmTC_bc284/fast] Error 2


Source file was:
#include <pthread.h>

static void* test_func(void* data)
{
  return data;
}

int main(void)
{
  pthread_t thread;
  pthread_create(&thread, NULL, test_func, NULL);
  pthread_detach(thread);
  pthread_cancel(thread);
  pthread_join(thread, NULL);
  pthread_atfork(NULL, NULL, NULL);
  pthread_exit(NULL);

  return 0;
}

Determining if the function pthread_create exists in the pthreads failed with the following output:
Change Dir: /home/max/StudyFile/astar_ws/src/hybrid_astar_test/cmake-build-debug/CMakeFiles/CMakeTmp

Run Build Command(s):/usr/bin/make -f Makefile cmTC_401d5/fast && /usr/bin/make  -f CMakeFiles/cmTC_401d5.dir/build.make CMakeFiles/cmTC_401d5.dir/build
make[1]: 进入目录“/home/max/StudyFile/astar_ws/src/hybrid_astar_test/cmake-build-debug/CMakeFiles/CMakeTmp”
Building C object CMakeFiles/cmTC_401d5.dir/CheckFunctionExists.c.o
/usr/bin/cc   -DCHECK_FUNCTION_EXISTS=pthread_create -o CMakeFiles/cmTC_401d5.dir/CheckFunctionExists.c.o -c /home/max/software/clion-2021.2.1/bin/cmake/linux/share/cmake-3.20/Modules/CheckFunctionExists.c
Linking C executable cmTC_401d5
/home/max/software/clion-2021.2.1/bin/cmake/linux/bin/cmake -E cmake_link_script CMakeFiles/cmTC_401d5.dir/link.txt --verbose=1
/usr/bin/cc  -DCHECK_FUNCTION_EXISTS=pthread_create -rdynamic CMakeFiles/cmTC_401d5.dir/CheckFunctionExists.c.o -o cmTC_401d5  -lpthreads 
/usr/bin/ld: 找不到 -lpthreads
collect2: error: ld returned 1 exit status
CMakeFiles/cmTC_401d5.dir/build.make:98: recipe for target 'cmTC_401d5' failed
make[1]: *** [cmTC_401d5] Error 1
make[1]: 离开目录“/home/max/StudyFile/astar_ws/src/hybrid_astar_test/cmake-build-debug/CMakeFiles/CMakeTmp”
Makefile:127: recipe for target 'cmTC_401d5/fast' failed
make: *** [cmTC_401d5/fast] Error 2



